Launching MuJoCo viewer...
Using cpu device
Wrapping the env in a DummyVecEnv.
Starting training for 450000 timesteps...
Logging to results/exp2/tensorboard/SAC_2
---------------------------------
| rollout/           |          |
|    ep_len_mean     | 150      |
|    ep_rew_mean     | -148     |
| time/              |          |
|    episodes        | 10       |
|    fps             | 220      |
|    time_elapsed    | 6        |
|    total_timesteps | 1500     |
---------------------------------
---------------------------------
| rollout/           |          |
|    ep_len_mean     | 150      |
|    ep_rew_mean     | -149     |
| time/              |          |
|    episodes        | 20       |
|    fps             | 325      |
|    time_elapsed    | 9        |
|    total_timesteps | 3000     |
---------------------------------
---------------------------------
| rollout/           |          |
|    ep_len_mean     | 150      |
|    ep_rew_mean     | -149     |
| time/              |          |
|    episodes        | 30       |
|    fps             | 396      |
|    time_elapsed    | 11       |
|    total_timesteps | 4500     |
---------------------------------
---------------------------------
| rollout/           |          |
|    ep_len_mean     | 150      |
|    ep_rew_mean     | -148     |
| time/              |          |
|    episodes        | 40       |
|    fps             | 434      |
|    time_elapsed    | 13       |
|    total_timesteps | 6000     |
---------------------------------
---------------------------------
| rollout/           |          |
|    ep_len_mean     | 150      |
|    ep_rew_mean     | -148     |
| time/              |          |
|    episodes        | 50       |
|    fps             | 453      |
|    time_elapsed    | 16       |
|    total_timesteps | 7500     |
---------------------------------
---------------------------------
| rollout/           |          |
|    ep_len_mean     | 150      |
|    ep_rew_mean     | -149     |
| time/              |          |
|    episodes        | 60       |
|    fps             | 474      |
|    time_elapsed    | 18       |
|    total_timesteps | 9000     |
---------------------------------
---------------------------------
| rollout/           |          |
|    ep_len_mean     | 150      |
|    ep_rew_mean     | -150     |
| time/              |          |
|    episodes        | 70       |
|    fps             | 250      |
|    time_elapsed    | 41       |
|    total_timesteps | 10500    |
| train/             |          |
|    actor_loss      | -12      |
|    critic_loss     | 0.503    |
|    ent_coef        | 0.975    |
|    ent_coef_loss   | -0.293   |
|    learning_rate   | 5e-05    |
|    n_updates       | 499      |
---------------------------------
---------------------------------
| rollout/           |          |
|    ep_len_mean     | 150      |
|    ep_rew_mean     | -149     |
| time/              |          |
|    episodes        | 80       |
|    fps             | 104      |
|    time_elapsed    | 115      |
|    total_timesteps | 12000    |
| train/             |          |
|    actor_loss      | -33.4    |
|    critic_loss     | 0.399    |
|    ent_coef        | 0.905    |
|    ent_coef_loss   | -1.17    |
|    learning_rate   | 5e-05    |
|    n_updates       | 1999     |
---------------------------------
---------------------------------
| rollout/           |          |
|    ep_len_mean     | 150      |
|    ep_rew_mean     | -150     |
| time/              |          |
|    episodes        | 90       |
|    fps             | 76       |
|    time_elapsed    | 176      |
|    total_timesteps | 13500    |
| train/             |          |
|    actor_loss      | -52.3    |
|    critic_loss     | 0.468    |
|    ent_coef        | 0.84     |
|    ent_coef_loss   | -2.03    |
|    learning_rate   | 5e-05    |
|    n_updates       | 3499     |
---------------------------------
---------------------------------
| rollout/           |          |
|    ep_len_mean     | 150      |
|    ep_rew_mean     | -150     |
| time/              |          |
|    episodes        | 100      |
|    fps             | 62       |
|    time_elapsed    | 241      |
|    total_timesteps | 15000    |
| train/             |          |
|    actor_loss      | -67.2    |
|    critic_loss     | 0.461    |
|    ent_coef        | 0.779    |
|    ent_coef_loss   | -2.91    |
|    learning_rate   | 5e-05    |
|    n_updates       | 4999     |
---------------------------------
---------------------------------
| rollout/           |          |
|    ep_len_mean     | 150      |
|    ep_rew_mean     | -149     |
| time/              |          |
|    episodes        | 110      |
|    fps             | 53       |
|    time_elapsed    | 310      |
|    total_timesteps | 16500    |
| train/             |          |
|    actor_loss      | -78.8    |
|    critic_loss     | 0.472    |
|    ent_coef        | 0.723    |
|    ent_coef_loss   | -3.75    |
|    learning_rate   | 5e-05    |
|    n_updates       | 6499     |
---------------------------------
---------------------------------
| rollout/           |          |
|    ep_len_mean     | 150      |
|    ep_rew_mean     | -147     |
| time/              |          |
|    episodes        | 120      |
|    fps             | 48       |
|    time_elapsed    | 370      |
|    total_timesteps | 18000    |
| train/             |          |
|    actor_loss      | -88.3    |
|    critic_loss     | 1.76     |
|    ent_coef        | 0.671    |
|    ent_coef_loss   | -4.66    |
|    learning_rate   | 5e-05    |
|    n_updates       | 7999     |
---------------------------------
---------------------------------
| rollout/           |          |
|    ep_len_mean     | 150      |
|    ep_rew_mean     | -147     |
| time/              |          |
|    episodes        | 130      |
|    fps             | 45       |
|    time_elapsed    | 429      |
|    total_timesteps | 19500    |
| train/             |          |
|    actor_loss      | -94.9    |
|    critic_loss     | 0.506    |
|    ent_coef        | 0.622    |
|    ent_coef_loss   | -5.52    |
|    learning_rate   | 5e-05    |
|    n_updates       | 9499     |
---------------------------------
---------------------------------
| rollout/           |          |
|    ep_len_mean     | 150      |
|    ep_rew_mean     | -146     |
| time/              |          |
|    episodes        | 140      |
|    fps             | 42       |
|    time_elapsed    | 489      |
|    total_timesteps | 21000    |
| train/             |          |
|    actor_loss      | -99.3    |
|    critic_loss     | 0.542    |
|    ent_coef        | 0.577    |
|    ent_coef_loss   | -6.38    |
|    learning_rate   | 5e-05    |
|    n_updates       | 10999    |
---------------------------------
---------------------------------
| rollout/           |          |
|    ep_len_mean     | 150      |
|    ep_rew_mean     | -144     |
| time/              |          |
|    episodes        | 150      |
|    fps             | 40       |
|    time_elapsed    | 548      |
|    total_timesteps | 22500    |
| train/             |          |
|    actor_loss      | -103     |
|    critic_loss     | 0.5      |
|    ent_coef        | 0.536    |
|    ent_coef_loss   | -7.27    |
|    learning_rate   | 5e-05    |
|    n_updates       | 12499    |
---------------------------------
---------------------------------
| rollout/           |          |
|    ep_len_mean     | 150      |
|    ep_rew_mean     | -141     |
| time/              |          |
|    episodes        | 160      |
|    fps             | 39       |
|    time_elapsed    | 614      |
|    total_timesteps | 24000    |
| train/             |          |
|    actor_loss      | -105     |
|    critic_loss     | 0.55     |
|    ent_coef        | 0.497    |
|    ent_coef_loss   | -8.06    |
|    learning_rate   | 5e-05    |
|    n_updates       | 13999    |
---------------------------------
---------------------------------
| rollout/           |          |
|    ep_len_mean     | 150      |
|    ep_rew_mean     | -137     |
| time/              |          |
|    episodes        | 170      |
|    fps             | 37       |
|    time_elapsed    | 674      |
|    total_timesteps | 25500    |
| train/             |          |
|    actor_loss      | -105     |
|    critic_loss     | 0.488    |
|    ent_coef        | 0.461    |
|    ent_coef_loss   | -8.97    |
|    learning_rate   | 5e-05    |
|    n_updates       | 15499    |
---------------------------------
---------------------------------
| rollout/           |          |
|    ep_len_mean     | 150      |
|    ep_rew_mean     | -133     |
| time/              |          |
|    episodes        | 180      |
|    fps             | 36       |
|    time_elapsed    | 734      |
|    total_timesteps | 27000    |
| train/             |          |
|    actor_loss      | -105     |
|    critic_loss     | 0.551    |
|    ent_coef        | 0.428    |
|    ent_coef_loss   | -9.84    |
|    learning_rate   | 5e-05    |
|    n_updates       | 16999    |
---------------------------------
---------------------------------
| rollout/           |          |
|    ep_len_mean     | 150      |
|    ep_rew_mean     | -128     |
| time/              |          |
|    episodes        | 190      |
|    fps             | 35       |
|    time_elapsed    | 794      |
|    total_timesteps | 28500    |
| train/             |          |
|    actor_loss      | -103     |
|    critic_loss     | 0.498    |
|    ent_coef        | 0.397    |
|    ent_coef_loss   | -10.7    |
|    learning_rate   | 5e-05    |
|    n_updates       | 18499    |
---------------------------------
---------------------------------
| rollout/           |          |
|    ep_len_mean     | 150      |
|    ep_rew_mean     | -122     |
| time/              |          |
|    episodes        | 200      |
|    fps             | 35       |
|    time_elapsed    | 856      |
|    total_timesteps | 30000    |
| train/             |          |
|    actor_loss      | -101     |
|    critic_loss     | 0.419    |
|    ent_coef        | 0.368    |
|    ent_coef_loss   | -11.4    |
|    learning_rate   | 5e-05    |
|    n_updates       | 19999    |
---------------------------------
---------------------------------
| rollout/           |          |
|    ep_len_mean     | 150      |
|    ep_rew_mean     | -117     |
| time/              |          |
|    episodes        | 210      |
|    fps             | 34       |
|    time_elapsed    | 916      |
|    total_timesteps | 31500    |
| train/             |          |
|    actor_loss      | -98.4    |
|    critic_loss     | 0.43     |
|    ent_coef        | 0.342    |
|    ent_coef_loss   | -12.4    |
|    learning_rate   | 5e-05    |
|    n_updates       | 21499    |
---------------------------------
---------------------------------
| rollout/           |          |
|    ep_len_mean     | 150      |
|    ep_rew_mean     | -113     |
| time/              |          |
|    episodes        | 220      |
|    fps             | 33       |
|    time_elapsed    | 987      |
|    total_timesteps | 33000    |
| train/             |          |
|    actor_loss      | -94.7    |
|    critic_loss     | 0.421    |
|    ent_coef        | 0.317    |
|    ent_coef_loss   | -13.2    |
|    learning_rate   | 5e-05    |
|    n_updates       | 22999    |
---------------------------------
!!! PHASE 1 at step 80, dist=0.099
---------------------------------
| rollout/           |          |
|    ep_len_mean     | 150      |
|    ep_rew_mean     | -108     |
| time/              |          |
|    episodes        | 230      |
|    fps             | 32       |
|    time_elapsed    | 1047     |
|    total_timesteps | 34500    |
| train/             |          |
|    actor_loss      | -91.3    |
|    critic_loss     | 0.376    |
|    ent_coef        | 0.294    |
|    ent_coef_loss   | -14      |
|    learning_rate   | 5e-05    |
|    n_updates       | 24499    |
---------------------------------
---------------------------------
| rollout/           |          |
|    ep_len_mean     | 150      |
|    ep_rew_mean     | -105     |
| time/              |          |
|    episodes        | 240      |
|    fps             | 32       |
|    time_elapsed    | 1107     |
|    total_timesteps | 36000    |
| train/             |          |
|    actor_loss      | -87.4    |
|    critic_loss     | 0.291    |
|    ent_coef        | 0.273    |
|    ent_coef_loss   | -14.8    |
|    learning_rate   | 5e-05    |
|    n_updates       | 25999    |
---------------------------------
---------------------------------
| rollout/           |          |
|    ep_len_mean     | 150      |
|    ep_rew_mean     | -104     |
| time/              |          |
|    episodes        | 250      |
|    fps             | 32       |
|    time_elapsed    | 1167     |
|    total_timesteps | 37500    |
| train/             |          |
|    actor_loss      | -83.7    |
|    critic_loss     | 0.347    |
|    ent_coef        | 0.253    |
|    ent_coef_loss   | -15.6    |
|    learning_rate   | 5e-05    |
|    n_updates       | 27499    |
---------------------------------
---------------------------------
| rollout/           |          |
|    ep_len_mean     | 150      |
|    ep_rew_mean     | -103     |
| time/              |          |
|    episodes        | 260      |
|    fps             | 31       |
|    time_elapsed    | 1226     |
|    total_timesteps | 39000    |
| train/             |          |
|    actor_loss      | -80.3    |
|    critic_loss     | 0.381    |
|    ent_coef        | 0.235    |
|    ent_coef_loss   | -16.3    |
|    learning_rate   | 5e-05    |
|    n_updates       | 28999    |
---------------------------------
---------------------------------
| rollout/           |          |
|    ep_len_mean     | 150      |
|    ep_rew_mean     | -103     |
| time/              |          |
|    episodes        | 270      |
|    fps             | 31       |
|    time_elapsed    | 1287     |
|    total_timesteps | 40500    |
| train/             |          |
|    actor_loss      | -76.1    |
|    critic_loss     | 0.376    |
|    ent_coef        | 0.218    |
|    ent_coef_loss   | -16.9    |
|    learning_rate   | 5e-05    |
|    n_updates       | 30499    |
---------------------------------
!!! PHASE 1 at step 64, dist=0.092
!!! PHASE 1 at step 102, dist=0.098
---------------------------------
| rollout/           |          |
|    ep_len_mean     | 150      |
|    ep_rew_mean     | -101     |
| time/              |          |
|    episodes        | 280      |
|    fps             | 31       |
|    time_elapsed    | 1346     |
|    total_timesteps | 42000    |
| train/             |          |
|    actor_loss      | -71      |
|    critic_loss     | 0.473    |
|    ent_coef        | 0.203    |
|    ent_coef_loss   | -17.3    |
|    learning_rate   | 5e-05    |
|    n_updates       | 31999    |
---------------------------------
!!! PHASE 1 at step 64, dist=0.097
!!! PHASE 1 at step 107, dist=0.097
---------------------------------
| rollout/           |          |
|    ep_len_mean     | 150      |
|    ep_rew_mean     | -98      |
| time/              |          |
|    episodes        | 290      |
|    fps             | 30       |
|    time_elapsed    | 1407     |
|    total_timesteps | 43500    |
| train/             |          |
|    actor_loss      | -66.2    |
|    critic_loss     | 0.386    |
|    ent_coef        | 0.188    |
|    ent_coef_loss   | -18.2    |
|    learning_rate   | 5e-05    |
|    n_updates       | 33499    |
---------------------------------
!!! PHASE 1 at step 89, dist=0.099
!!! PHASE 1 at step 81, dist=0.096
!!! PHASE 1 at step 86, dist=0.092
!!! PHASE 1 at step 105, dist=0.099
---------------------------------
| rollout/           |          |
|    ep_len_mean     | 150      |
|    ep_rew_mean     | -96.9    |
| time/              |          |
|    episodes        | 300      |
|    fps             | 30       |
|    time_elapsed    | 1467     |
|    total_timesteps | 45000    |
| train/             |          |
|    actor_loss      | -62.7    |
|    critic_loss     | 0.561    |
|    ent_coef        | 0.174    |
|    ent_coef_loss   | -18.4    |
|    learning_rate   | 5e-05    |
|    n_updates       | 34999    |
---------------------------------
!!! PHASE 1 at step 143, dist=0.098
!!! PHASE 1 at step 72, dist=0.099
---------------------------------
| rollout/           |          |
|    ep_len_mean     | 150      |
|    ep_rew_mean     | -94.1    |
| time/              |          |
|    episodes        | 310      |
|    fps             | 30       |
|    time_elapsed    | 1528     |
|    total_timesteps | 46500    |
| train/             |          |
|    actor_loss      | -57.9    |
|    critic_loss     | 0.348    |
|    ent_coef        | 0.162    |
|    ent_coef_loss   | -19.5    |
|    learning_rate   | 5e-05    |
|    n_updates       | 36499    |
---------------------------------
!!! PHASE 1 at step 94, dist=0.096
---------------------------------
| rollout/           |          |
|    ep_len_mean     | 150      |
|    ep_rew_mean     | -92      |
| time/              |          |
|    episodes        | 320      |
|    fps             | 30       |
|    time_elapsed    | 1590     |
|    total_timesteps | 48000    |
| train/             |          |
|    actor_loss      | -54.5    |
|    critic_loss     | 1.66     |
|    ent_coef        | 0.15     |
|    ent_coef_loss   | -20.2    |
|    learning_rate   | 5e-05    |
|    n_updates       | 37999    |
---------------------------------
---------------------------------
| rollout/           |          |
|    ep_len_mean     | 150      |
|    ep_rew_mean     | -90.6    |
| time/              |          |
|    episodes        | 330      |
|    fps             | 30       |
|    time_elapsed    | 1648     |
|    total_timesteps | 49500    |
| train/             |          |
|    actor_loss      | -49.6    |
|    critic_loss     | 0.362    |
|    ent_coef        | 0.139    |
|    ent_coef_loss   | -20.9    |
|    learning_rate   | 5e-05    |
|    n_updates       | 39499    |
---------------------------------
!!! PHASE 1 at step 85, dist=0.099
!!! PHASE 1 at step 95, dist=0.099
---------------------------------
| rollout/           |          |
|    ep_len_mean     | 150      |
|    ep_rew_mean     | -87.3    |
| time/              |          |
|    episodes        | 340      |
|    fps             | 29       |
|    time_elapsed    | 1707     |
|    total_timesteps | 51000    |
| train/             |          |
|    actor_loss      | -44.6    |
|    critic_loss     | 0.429    |
|    ent_coef        | 0.129    |
|    ent_coef_loss   | -21.4    |
|    learning_rate   | 5e-05    |
|    n_updates       | 40999    |
---------------------------------
!!! PHASE 1 at step 107, dist=0.097
!!! PHASE 1 at step 83, dist=0.099
!!! PHASE 1 at step 85, dist=0.097
---------------------------------
| rollout/           |          |
|    ep_len_mean     | 150      |
|    ep_rew_mean     | -81.8    |
| time/              |          |
|    episodes        | 350      |
|    fps             | 29       |
|    time_elapsed    | 1767     |
|    total_timesteps | 52500    |
| train/             |          |
|    actor_loss      | -40.5    |
|    critic_loss     | 0.383    |
|    ent_coef        | 0.12     |
|    ent_coef_loss   | -22.1    |
|    learning_rate   | 5e-05    |
|    n_updates       | 42499    |
---------------------------------
!!! PHASE 1 at step 85, dist=0.092
!!! PHASE 1 at step 112, dist=0.097
---------------------------------
| rollout/           |          |
|    ep_len_mean     | 150      |
|    ep_rew_mean     | -77.2    |
| time/              |          |
|    episodes        | 360      |
|    fps             | 29       |
|    time_elapsed    | 1827     |
|    total_timesteps | 54000    |
| train/             |          |
|    actor_loss      | -37.1    |
|    critic_loss     | 0.357    |
|    ent_coef        | 0.112    |
|    ent_coef_loss   | -22.2    |
|    learning_rate   | 5e-05    |
|    n_updates       | 43999    |
---------------------------------
!!! PHASE 1 at step 68, dist=0.095
!!! PHASE 1 at step 50, dist=0.085
!!! PHASE 1 at step 59, dist=0.092
---------------------------------
| rollout/           |          |
|    ep_len_mean     | 150      |
|    ep_rew_mean     | -71.5    |
| time/              |          |
|    episodes        | 370      |
|    fps             | 29       |
|    time_elapsed    | 1888     |
|    total_timesteps | 55500    |
| train/             |          |
|    actor_loss      | -33.4    |
|    critic_loss     | 0.366    |
|    ent_coef        | 0.104    |
|    ent_coef_loss   | -22.7    |
|    learning_rate   | 5e-05    |
|    n_updates       | 45499    |
---------------------------------
!!! PHASE 1 at step 56, dist=0.092
---------------------------------
| rollout/           |          |
|    ep_len_mean     | 150      |
|    ep_rew_mean     | -69      |
| time/              |          |
|    episodes        | 380      |
|    fps             | 29       |
|    time_elapsed    | 1950     |
|    total_timesteps | 57000    |
| train/             |          |
|    actor_loss      | -28.6    |
|    critic_loss     | 0.324    |
|    ent_coef        | 0.0961   |
|    ent_coef_loss   | -23.3    |
|    learning_rate   | 5e-05    |
|    n_updates       | 46999    |
---------------------------------
!!! PHASE 1 at step 51, dist=0.090
!!! PHASE 1 at step 51, dist=0.098
!!! PHASE 1 at step 74, dist=0.097
!!! PHASE 1 at step 83, dist=0.097
---------------------------------
| rollout/           |          |
|    ep_len_mean     | 150      |
|    ep_rew_mean     | -67.9    |
| time/              |          |
|    episodes        | 390      |
|    fps             | 29       |
|    time_elapsed    | 2010     |
|    total_timesteps | 58500    |
| train/             |          |
|    actor_loss      | -24.8    |
|    critic_loss     | 0.44     |
|    ent_coef        | 0.0892   |
|    ent_coef_loss   | -23.6    |
|    learning_rate   | 5e-05    |
|    n_updates       | 48499    |
---------------------------------
!!! PHASE 1 at step 76, dist=0.100
!!! PHASE 1 at step 48, dist=0.099
---------------------------------
| rollout/           |          |
|    ep_len_mean     | 150      |
|    ep_rew_mean     | -66.8    |
| time/              |          |
|    episodes        | 400      |
|    fps             | 28       |
|    time_elapsed    | 2070     |
|    total_timesteps | 60000    |
| train/             |          |
|    actor_loss      | -22      |
|    critic_loss     | 0.364    |
|    ent_coef        | 0.0828   |
|    ent_coef_loss   | -24.2    |
|    learning_rate   | 5e-05    |
|    n_updates       | 49999    |
---------------------------------
!!! PHASE 1 at step 82, dist=0.090
!!! PHASE 1 at step 59, dist=0.092
---------------------------------
| rollout/           |          |
|    ep_len_mean     | 150      |
|    ep_rew_mean     | -65.7    |
| time/              |          |
|    episodes        | 410      |
|    fps             | 28       |
|    time_elapsed    | 2134     |
|    total_timesteps | 61500    |
| train/             |          |
|    actor_loss      | -19.2    |
|    critic_loss     | 0.357    |
|    ent_coef        | 0.0769   |
|    ent_coef_loss   | -25.2    |
|    learning_rate   | 5e-05    |
|    n_updates       | 51499    |
---------------------------------
---------------------------------
| rollout/           |          |
|    ep_len_mean     | 150      |
|    ep_rew_mean     | -65.4    |
| time/              |          |
|    episodes        | 420      |
|    fps             | 28       |
|    time_elapsed    | 2192     |
|    total_timesteps | 63000    |
| train/             |          |
|    actor_loss      | -15.7    |
|    critic_loss     | 0.33     |
|    ent_coef        | 0.0714   |
|    ent_coef_loss   | -25.5    |
|    learning_rate   | 5e-05    |
|    n_updates       | 52999    |
---------------------------------
---------------------------------
| rollout/           |          |
|    ep_len_mean     | 150      |
|    ep_rew_mean     | -63.9    |
| time/              |          |
|    episodes        | 430      |
|    fps             | 28       |
|    time_elapsed    | 2250     |
|    total_timesteps | 64500    |
| train/             |          |
|    actor_loss      | -12.9    |
|    critic_loss     | 0.319    |
|    ent_coef        | 0.0663   |
|    ent_coef_loss   | -26      |
|    learning_rate   | 5e-05    |
|    n_updates       | 54499    |
---------------------------------
!!! PHASE 1 at step 145, dist=0.096
---------------------------------
| rollout/           |          |
|    ep_len_mean     | 150      |
|    ep_rew_mean     | -62.9    |
| time/              |          |
|    episodes        | 440      |
|    fps             | 28       |
|    time_elapsed    | 2308     |
|    total_timesteps | 66000    |
| train/             |          |
|    actor_loss      | -10.9    |
|    critic_loss     | 0.584    |
|    ent_coef        | 0.0615   |
|    ent_coef_loss   | -25.9    |
|    learning_rate   | 5e-05    |
|    n_updates       | 55999    |
---------------------------------
---------------------------------
| rollout/           |          |
|    ep_len_mean     | 150      |
|    ep_rew_mean     | -62.2    |
| time/              |          |
|    episodes        | 450      |
|    fps             | 28       |
|    time_elapsed    | 2368     |
|    total_timesteps | 67500    |
| train/             |          |
|    actor_loss      | -8.96    |
|    critic_loss     | 0.584    |
|    ent_coef        | 0.0571   |
|    ent_coef_loss   | -26.2    |
|    learning_rate   | 5e-05    |
|    n_updates       | 57499    |
---------------------------------
!!! PHASE 1 at step 93, dist=0.098
!!! PHASE 1 at step 127, dist=0.100
---------------------------------
| rollout/           |          |
|    ep_len_mean     | 150      |
|    ep_rew_mean     | -60.9    |
| time/              |          |
|    episodes        | 460      |
|    fps             | 28       |
|    time_elapsed    | 2426     |
|    total_timesteps | 69000    |
| train/             |          |
|    actor_loss      | -4.81    |
|    critic_loss     | 1.06     |
|    ent_coef        | 0.053    |
|    ent_coef_loss   | -25.9    |
|    learning_rate   | 5e-05    |
|    n_updates       | 58999    |
---------------------------------
!!! PHASE 1 at step 48, dist=0.099
---------------------------------
| rollout/           |          |
|    ep_len_mean     | 150      |
|    ep_rew_mean     | -60.8    |
| time/              |          |
|    episodes        | 470      |
|    fps             | 28       |
|    time_elapsed    | 2483     |
|    total_timesteps | 70500    |
| train/             |          |
|    actor_loss      | -3.2     |
|    critic_loss     | 0.37     |
|    ent_coef        | 0.0493   |
|    ent_coef_loss   | -27.2    |
|    learning_rate   | 5e-05    |
|    n_updates       | 60499    |
---------------------------------
!!! PHASE 1 at step 44, dist=0.085
!!! PHASE 1 at step 118, dist=0.093
---------------------------------
| rollout/           |          |
|    ep_len_mean     | 150      |
|    ep_rew_mean     | -60.4    |
| time/              |          |
|    episodes        | 480      |
|    fps             | 28       |
|    time_elapsed    | 2536     |
|    total_timesteps | 72000    |
| train/             |          |
|    actor_loss      | -1.71    |
|    critic_loss     | 0.254    |
|    ent_coef        | 0.0457   |
|    ent_coef_loss   | -27.1    |
|    learning_rate   | 5e-05    |
|    n_updates       | 61999    |
---------------------------------
!!! PHASE 1 at step 145, dist=0.098
!!! PHASE 1 at step 146, dist=0.100
!!! PHASE 1 at step 122, dist=0.096
!!! PHASE 1 at step 46, dist=0.099
---------------------------------
| rollout/           |          |
|    ep_len_mean     | 150      |
|    ep_rew_mean     | -59.6    |
| time/              |          |
|    episodes        | 490      |
|    fps             | 28       |
|    time_elapsed    | 2589     |
|    total_timesteps | 73500    |
| train/             |          |
|    actor_loss      | 1.63     |
|    critic_loss     | 0.404    |
|    ent_coef        | 0.0425   |
|    ent_coef_loss   | -26.4    |
|    learning_rate   | 5e-05    |
|    n_updates       | 63499    |
---------------------------------
!!! PHASE 1 at step 86, dist=0.099
!!! PHASE 1 at step 94, dist=0.098
Model saved to results/exp2/sac_model_ep500 (Episode 500)
---------------------------------
| rollout/           |          |
|    ep_len_mean     | 150      |
|    ep_rew_mean     | -59.4    |
| time/              |          |
|    episodes        | 500      |
|    fps             | 28       |
|    time_elapsed    | 2641     |
|    total_timesteps | 75000    |
| train/             |          |
|    actor_loss      | 2.81     |
|    critic_loss     | 1.86     |
|    ent_coef        | 0.0395   |
|    ent_coef_loss   | -26.8    |
|    learning_rate   | 5e-05    |
|    n_updates       | 64999    |
---------------------------------
!!! PHASE 1 at step 48, dist=0.099
!!! PHASE 1 at step 50, dist=0.098
---------------------------------
| rollout/           |          |
|    ep_len_mean     | 150      |
|    ep_rew_mean     | -59.7    |
| time/              |          |
|    episodes        | 510      |
|    fps             | 28       |
|    time_elapsed    | 2692     |
|    total_timesteps | 76500    |
| train/             |          |
|    actor_loss      | 4.19     |
|    critic_loss     | 0.336    |
|    ent_coef        | 0.0366   |
|    ent_coef_loss   | -26.8    |
|    learning_rate   | 5e-05    |
|    n_updates       | 66499    |
---------------------------------
!!! PHASE 1 at step 139, dist=0.097
---------------------------------
| rollout/           |          |
|    ep_len_mean     | 150      |
|    ep_rew_mean     | -58.9    |
| time/              |          |
|    episodes        | 520      |
|    fps             | 28       |
|    time_elapsed    | 2744     |
|    total_timesteps | 78000    |
| train/             |          |
|    actor_loss      | 7.61     |
|    critic_loss     | 0.474    |
|    ent_coef        | 0.034    |
|    ent_coef_loss   | -26.2    |
|    learning_rate   | 5e-05    |
|    n_updates       | 67999    |
---------------------------------
!!! PHASE 1 at step 50, dist=0.098
!!! PHASE 1 at step 45, dist=0.096
!!! PHASE 1 at step 47, dist=0.097
!!! PHASE 1 at step 47, dist=0.098
---------------------------------
| rollout/           |          |
|    ep_len_mean     | 150      |
|    ep_rew_mean     | -58.1    |
| time/              |          |
|    episodes        | 530      |
|    fps             | 28       |
|    time_elapsed    | 2799     |
|    total_timesteps | 79500    |
| train/             |          |
|    actor_loss      | 9.29     |
|    critic_loss     | 0.466    |
|    ent_coef        | 0.0316   |
|    ent_coef_loss   | -26.5    |
|    learning_rate   | 5e-05    |
|    n_updates       | 69499    |
---------------------------------
!!! PHASE 1 at step 40, dist=0.079
!!! PHASE 1 at step 44, dist=0.091
!!! PHASE 1 at step 126, dist=0.099
!!! PHASE 1 at step 43, dist=0.097
!!! PHASE 1 at step 42, dist=0.099
---------------------------------
| rollout/           |          |
|    ep_len_mean     | 150      |
|    ep_rew_mean     | -57.9    |
| time/              |          |
|    episodes        | 540      |
|    fps             | 28       |
|    time_elapsed    | 2851     |
|    total_timesteps | 81000    |
| train/             |          |
|    actor_loss      | 9.3      |
|    critic_loss     | 1.06     |
|    ent_coef        | 0.0294   |
|    ent_coef_loss   | -26.4    |
|    learning_rate   | 5e-05    |
|    n_updates       | 70999    |
---------------------------------
!!! PHASE 1 at step 41, dist=0.087
!!! PHASE 1 at step 44, dist=0.096
---------------------------------
| rollout/           |          |
|    ep_len_mean     | 150      |
|    ep_rew_mean     | -59      |
| time/              |          |
|    episodes        | 550      |
|    fps             | 28       |
|    time_elapsed    | 2907     |
|    total_timesteps | 82500    |
| train/             |          |
|    actor_loss      | 12.8     |
|    critic_loss     | 1.43     |
|    ent_coef        | 0.0273   |
|    ent_coef_loss   | -24.1    |
|    learning_rate   | 5e-05    |
|    n_updates       | 72499    |
---------------------------------
!!! PHASE 1 at step 50, dist=0.100
!!! PHASE 1 at step 40, dist=0.089
!!! PHASE 1 at step 39, dist=0.079
!!! PHASE 1 at step 38, dist=0.082
!!! PHASE 1 at step 39, dist=0.083
---------------------------------
| rollout/           |          |
|    ep_len_mean     | 150      |
|    ep_rew_mean     | -59.4    |
| time/              |          |
|    episodes        | 560      |
|    fps             | 28       |
|    time_elapsed    | 2963     |
|    total_timesteps | 84000    |
| train/             |          |
|    actor_loss      | 13.4     |
|    critic_loss     | 0.376    |
|    ent_coef        | 0.0254   |
|    ent_coef_loss   | -24.9    |
|    learning_rate   | 5e-05    |
|    n_updates       | 73999    |
---------------------------------
!!! PHASE 1 at step 38, dist=0.089
!!! PHASE 1 at step 42, dist=0.096
!!! PHASE 1 at step 41, dist=0.087
!!! PHASE 1 at step 40, dist=0.090
!!! PHASE 1 at step 41, dist=0.089
!!! PHASE 1 at step 38, dist=0.089
!!! PHASE 1 at step 38, dist=0.079
Contact: 1/1
>>> STABLE GRASP achieved at step 40! <<<
!!! PHASE 1 at step 40, dist=0.085
!!! PHASE 1 at step 39, dist=0.099
---------------------------------
| rollout/           |          |
|    ep_len_mean     | 149      |
|    ep_rew_mean     | -58.3    |
| time/              |          |
|    episodes        | 570      |
|    fps             | 28       |
|    time_elapsed    | 3015     |
|    total_timesteps | 85390    |
| train/             |          |
|    actor_loss      | 15.1     |
|    critic_loss     | 0.845    |
|    ent_coef        | 0.0237   |
|    ent_coef_loss   | -25.2    |
|    learning_rate   | 5e-05    |
|    n_updates       | 75389    |
---------------------------------
!!! PHASE 1 at step 38, dist=0.099
!!! PHASE 1 at step 41, dist=0.095
!!! PHASE 1 at step 37, dist=0.095
!!! PHASE 1 at step 43, dist=0.094
!!! PHASE 1 at step 49, dist=0.099
!!! PHASE 1 at step 43, dist=0.094
---------------------------------
| rollout/           |          |
|    ep_len_mean     | 149      |
|    ep_rew_mean     | -58.1    |
| time/              |          |
|    episodes        | 580      |
|    fps             | 28       |
|    time_elapsed    | 3070     |
|    total_timesteps | 86890    |
| train/             |          |
|    actor_loss      | 16.5     |
|    critic_loss     | 0.396    |
|    ent_coef        | 0.0221   |
|    ent_coef_loss   | -23.5    |
|    learning_rate   | 5e-05    |
|    n_updates       | 76889    |
---------------------------------
!!! PHASE 1 at step 42, dist=0.099
!!! PHASE 1 at step 45, dist=0.091
!!! PHASE 1 at step 40, dist=0.100
!!! PHASE 1 at step 36, dist=0.084
---------------------------------
| rollout/           |          |
|    ep_len_mean     | 149      |
|    ep_rew_mean     | -58.2    |
| time/              |          |
|    episodes        | 590      |
|    fps             | 28       |
|    time_elapsed    | 3123     |
|    total_timesteps | 88390    |
| train/             |          |
|    actor_loss      | 17       |
|    critic_loss     | 0.626    |
|    ent_coef        | 0.0205   |
|    ent_coef_loss   | -24.3    |
|    learning_rate   | 5e-05    |
|    n_updates       | 78389    |
---------------------------------
!!! PHASE 1 at step 36, dist=0.100
!!! PHASE 1 at step 35, dist=0.099
!!! PHASE 1 at step 46, dist=0.088
!!! PHASE 1 at step 39, dist=0.078
!!! PHASE 1 at step 42, dist=0.100
!!! PHASE 1 at step 47, dist=0.097
!!! PHASE 1 at step 36, dist=0.073
!!! PHASE 1 at step 46, dist=0.099
!!! PHASE 1 at step 36, dist=0.097
---------------------------------
| rollout/           |          |
|    ep_len_mean     | 149      |
|    ep_rew_mean     | -57.9    |
| time/              |          |
|    episodes        | 600      |
|    fps             | 28       |
|    time_elapsed    | 3177     |
|    total_timesteps | 89890    |
| train/             |          |
|    actor_loss      | 18.4     |
|    critic_loss     | 0.377    |
|    ent_coef        | 0.0191   |
|    ent_coef_loss   | -22.7    |
|    learning_rate   | 5e-05    |
|    n_updates       | 79889    |
---------------------------------
!!! PHASE 1 at step 41, dist=0.085
!!! PHASE 1 at step 109, dist=0.098
!!! PHASE 1 at step 41, dist=0.079
!!! PHASE 1 at step 38, dist=0.081
!!! PHASE 1 at step 40, dist=0.099
---------------------------------
| rollout/           |          |
|    ep_len_mean     | 149      |
|    ep_rew_mean     | -56.6    |
| time/              |          |
|    episodes        | 610      |
|    fps             | 28       |
|    time_elapsed    | 3231     |
|    total_timesteps | 91390    |
| train/             |          |
|    actor_loss      | 19.9     |
|    critic_loss     | 0.646    |
|    ent_coef        | 0.0178   |
|    ent_coef_loss   | -20.6    |
|    learning_rate   | 5e-05    |
|    n_updates       | 81389    |
---------------------------------
!!! PHASE 1 at step 38, dist=0.080
!!! PHASE 1 at step 34, dist=0.099
!!! PHASE 1 at step 47, dist=0.098
!!! PHASE 1 at step 38, dist=0.085
!!! PHASE 1 at step 41, dist=0.093
!!! PHASE 1 at step 44, dist=0.098
!!! PHASE 1 at step 37, dist=0.085
!!! PHASE 1 at step 46, dist=0.091
!!! PHASE 1 at step 55, dist=0.097
---------------------------------
| rollout/           |          |
|    ep_len_mean     | 149      |
|    ep_rew_mean     | -56.9    |
| time/              |          |
|    episodes        | 620      |
|    fps             | 28       |
|    time_elapsed    | 3284     |
|    total_timesteps | 92890    |
| train/             |          |
|    actor_loss      | 20       |
|    critic_loss     | 0.529    |
|    ent_coef        | 0.0165   |
|    ent_coef_loss   | -22.8    |
|    learning_rate   | 5e-05    |
|    n_updates       | 82889    |
---------------------------------
!!! PHASE 1 at step 47, dist=0.098
!!! PHASE 1 at step 39, dist=0.085
!!! PHASE 1 at step 42, dist=0.099
!!! PHASE 1 at step 52, dist=0.098
!!! PHASE 1 at step 50, dist=0.095
---------------------------------
| rollout/           |          |
|    ep_len_mean     | 149      |
|    ep_rew_mean     | -56.8    |
| time/              |          |
|    episodes        | 630      |
|    fps             | 28       |
|    time_elapsed    | 3337     |
|    total_timesteps | 94390    |
| train/             |          |
|    actor_loss      | 22.3     |
|    critic_loss     | 1.55     |
|    ent_coef        | 0.0154   |
|    ent_coef_loss   | -20      |
|    learning_rate   | 5e-05    |
|    n_updates       | 84389    |
---------------------------------
!!! PHASE 1 at step 46, dist=0.094
!!! PHASE 1 at step 83, dist=0.099
!!! PHASE 1 at step 39, dist=0.087
!!! PHASE 1 at step 39, dist=0.094
!!! PHASE 1 at step 63, dist=0.089
!!! PHASE 1 at step 67, dist=0.099
---------------------------------
| rollout/           |          |
|    ep_len_mean     | 149      |
|    ep_rew_mean     | -56.8    |
| time/              |          |
|    episodes        | 640      |
|    fps             | 28       |
|    time_elapsed    | 3391     |
|    total_timesteps | 95890    |
| train/             |          |
|    actor_loss      | 24.4     |
|    critic_loss     | 0.41     |
|    ent_coef        | 0.0143   |
|    ent_coef_loss   | -16.8    |
|    learning_rate   | 5e-05    |
|    n_updates       | 85889    |
---------------------------------
!!! PHASE 1 at step 56, dist=0.093
!!! PHASE 1 at step 36, dist=0.095
!!! PHASE 1 at step 67, dist=0.100
---------------------------------
| rollout/           |          |
|    ep_len_mean     | 149      |
|    ep_rew_mean     | -56.4    |
| time/              |          |
|    episodes        | 650      |
|    fps             | 28       |
|    time_elapsed    | 3452     |
|    total_timesteps | 97390    |
| train/             |          |
|    actor_loss      | 24.5     |
|    critic_loss     | 0.427    |
|    ent_coef        | 0.0133   |
|    ent_coef_loss   | -18.9    |
|    learning_rate   | 5e-05    |
|    n_updates       | 87389    |
---------------------------------
!!! PHASE 1 at step 67, dist=0.078
!!! PHASE 1 at step 46, dist=0.096
!!! PHASE 1 at step 86, dist=0.086
!!! PHASE 1 at step 74, dist=0.097
!!! PHASE 1 at step 71, dist=0.097
!!! PHASE 1 at step 55, dist=0.078
!!! PHASE 1 at step 80, dist=0.098
!!! PHASE 1 at step 52, dist=0.097
---------------------------------
| rollout/           |          |
|    ep_len_mean     | 149      |
|    ep_rew_mean     | -57.2    |
| time/              |          |
|    episodes        | 660      |
|    fps             | 28       |
|    time_elapsed    | 3510     |
|    total_timesteps | 98890    |
| train/             |          |
|    actor_loss      | 25.5     |
|    critic_loss     | 1.24     |
|    ent_coef        | 0.0124   |
|    ent_coef_loss   | -18      |
|    learning_rate   | 5e-05    |
|    n_updates       | 88889    |
---------------------------------
!!! PHASE 1 at step 37, dist=0.081
!!! PHASE 1 at step 35, dist=0.093
!!! PHASE 1 at step 36, dist=0.089
!!! PHASE 1 at step 42, dist=0.097
!!! PHASE 1 at step 59, dist=0.092
!!! PHASE 1 at step 74, dist=0.100
---------------------------------
| rollout/           |          |
|    ep_len_mean     | 150      |
|    ep_rew_mean     | -58.8    |
| time/              |          |
|    episodes        | 670      |
|    fps             | 28       |
|    time_elapsed    | 3566     |
|    total_timesteps | 100390   |
| train/             |          |
|    actor_loss      | 26.5     |
|    critic_loss     | 0.584    |
|    ent_coef        | 0.0115   |
|    ent_coef_loss   | -14.5    |
|    learning_rate   | 5e-05    |
|    n_updates       | 90389    |
---------------------------------
!!! PHASE 1 at step 50, dist=0.092
!!! PHASE 1 at step 35, dist=0.092
!!! PHASE 1 at step 45, dist=0.093
!!! PHASE 1 at step 39, dist=0.100
!!! PHASE 1 at step 55, dist=0.096
!!! PHASE 1 at step 40, dist=0.088
!!! PHASE 1 at step 38, dist=0.093
---------------------------------
| rollout/           |          |
|    ep_len_mean     | 150      |
|    ep_rew_mean     | -58.1    |
| time/              |          |
|    episodes        | 680      |
|    fps             | 28       |
|    time_elapsed    | 3630     |
|    total_timesteps | 101890   |
| train/             |          |
|    actor_loss      | 24.9     |
|    critic_loss     | 0.58     |
|    ent_coef        | 0.0108   |
|    ent_coef_loss   | -16.3    |
|    learning_rate   | 5e-05    |
|    n_updates       | 91889    |
---------------------------------
!!! PHASE 1 at step 38, dist=0.088
!!! PHASE 1 at step 42, dist=0.095
!!! PHASE 1 at step 102, dist=0.099
!!! PHASE 1 at step 35, dist=0.085
Contact: 1/1
>>> STABLE GRASP achieved at step 74! <<<
!!! PHASE 1 at step 34, dist=0.086
---------------------------------
| rollout/           |          |
|    ep_len_mean     | 149      |
|    ep_rew_mean     | -57.3    |
| time/              |          |
|    episodes        | 690      |
|    fps             | 27       |
|    time_elapsed    | 3692     |
|    total_timesteps | 103314   |
| train/             |          |
|    actor_loss      | 28.2     |
|    critic_loss     | 1.09     |
|    ent_coef        | 0.0101   |
|    ent_coef_loss   | -12.4    |
|    learning_rate   | 5e-05    |
|    n_updates       | 93313    |
---------------------------------
!!! PHASE 1 at step 90, dist=0.097
!!! PHASE 1 at step 38, dist=0.096
!!! PHASE 1 at step 43, dist=0.098
!!! PHASE 1 at step 116, dist=0.095
---------------------------------
| rollout/           |          |
|    ep_len_mean     | 149      |
|    ep_rew_mean     | -56.8    |
| time/              |          |
|    episodes        | 700      |
|    fps             | 27       |
|    time_elapsed    | 3756     |
|    total_timesteps | 104814   |
| train/             |          |
|    actor_loss      | 28.3     |
|    critic_loss     | 0.761    |
|    ent_coef        | 0.00941  |
|    ent_coef_loss   | -12.6    |
|    learning_rate   | 5e-05    |
|    n_updates       | 94813    |
---------------------------------
---------------------------------
| rollout/           |          |
|    ep_len_mean     | 149      |
|    ep_rew_mean     | -57.5    |
| time/              |          |
|    episodes        | 710      |
|    fps             | 27       |
|    time_elapsed    | 3823     |
|    total_timesteps | 106314   |
| train/             |          |
|    actor_loss      | 28       |
|    critic_loss     | 0.514    |
|    ent_coef        | 0.0088   |
|    ent_coef_loss   | -12.1    |
|    learning_rate   | 5e-05    |
|    n_updates       | 96313    |
---------------------------------
!!! PHASE 1 at step 36, dist=0.087
---------------------------------
| rollout/           |          |
|    ep_len_mean     | 149      |
|    ep_rew_mean     | -57.8    |
| time/              |          |
|    episodes        | 720      |
|    fps             | 27       |
|    time_elapsed    | 3893     |
|    total_timesteps | 107814   |
| train/             |          |
|    actor_loss      | 29.6     |
|    critic_loss     | 0.561    |
|    ent_coef        | 0.00824  |
|    ent_coef_loss   | -8.4     |
|    learning_rate   | 5e-05    |
|    n_updates       | 97813    |
---------------------------------
!!! PHASE 1 at step 83, dist=0.096
---------------------------------
| rollout/           |          |
|    ep_len_mean     | 149      |
|    ep_rew_mean     | -58.4    |
| time/              |          |
|    episodes        | 730      |
|    fps             | 27       |
|    time_elapsed    | 3949     |
|    total_timesteps | 109314   |
| train/             |          |
|    actor_loss      | 28.4     |
|    critic_loss     | 0.537    |
|    ent_coef        | 0.00774  |
|    ent_coef_loss   | -6.5     |
|    learning_rate   | 5e-05    |
|    n_updates       | 99313    |
---------------------------------
---------------------------------
| rollout/           |          |
|    ep_len_mean     | 149      |
|    ep_rew_mean     | -58.5    |
| time/              |          |
|    episodes        | 740      |
|    fps             | 27       |
|    time_elapsed    | 4006     |
|    total_timesteps | 110814   |
| train/             |          |
|    actor_loss      | 30.4     |
|    critic_loss     | 1.06     |
|    ent_coef        | 0.00726  |
|    ent_coef_loss   | -5.35    |
|    learning_rate   | 5e-05    |
|    n_updates       | 100813   |
---------------------------------
---------------------------------
| rollout/           |          |
|    ep_len_mean     | 149      |
|    ep_rew_mean     | -58.4    |
| time/              |          |
|    episodes        | 750      |
|    fps             | 27       |
|    time_elapsed    | 4072     |
|    total_timesteps | 112314   |
| train/             |          |
|    actor_loss      | 30.5     |
|    critic_loss     | 0.686    |
|    ent_coef        | 0.00685  |
|    ent_coef_loss   | -2.36    |
|    learning_rate   | 5e-05    |
|    n_updates       | 102313   |
---------------------------------
!!! PHASE 1 at step 55, dist=0.098
---------------------------------
| rollout/           |          |
|    ep_len_mean     | 149      |
|    ep_rew_mean     | -57.6    |
| time/              |          |
|    episodes        | 760      |
|    fps             | 27       |
|    time_elapsed    | 4132     |
|    total_timesteps | 113814   |
| train/             |          |
|    actor_loss      | 31.5     |
|    critic_loss     | 0.57     |
|    ent_coef        | 0.00649  |
|    ent_coef_loss   | -1.76    |
|    learning_rate   | 5e-05    |
|    n_updates       | 103813   |
---------------------------------
!!! PHASE 1 at step 48, dist=0.100
!!! PHASE 1 at step 40, dist=0.097
!!! PHASE 1 at step 100, dist=0.092
---------------------------------
| rollout/           |          |
|    ep_len_mean     | 149      |
|    ep_rew_mean     | -57.3    |
| time/              |          |
|    episodes        | 770      |
|    fps             | 27       |
|    time_elapsed    | 4187     |
|    total_timesteps | 115314   |
| train/             |          |
|    actor_loss      | 29.7     |
|    critic_loss     | 1.18     |
|    ent_coef        | 0.00618  |
|    ent_coef_loss   | -4.58    |
|    learning_rate   | 5e-05    |
|    n_updates       | 105313   |
---------------------------------
!!! PHASE 1 at step 106, dist=0.095
!!! PHASE 1 at step 47, dist=0.089
!!! PHASE 1 at step 52, dist=0.095
!!! PHASE 1 at step 47, dist=0.088
---------------------------------
| rollout/           |          |
|    ep_len_mean     | 149      |
|    ep_rew_mean     | -58.1    |
| time/              |          |
|    episodes        | 780      |
|    fps             | 27       |
|    time_elapsed    | 4241     |
|    total_timesteps | 116814   |
| train/             |          |
|    actor_loss      | 29.6     |
|    critic_loss     | 1.18     |
|    ent_coef        | 0.00603  |
|    ent_coef_loss   | 0.614    |
|    learning_rate   | 5e-05    |
|    n_updates       | 106813   |
---------------------------------
!!! PHASE 1 at step 60, dist=0.097
!!! PHASE 1 at step 47, dist=0.096
!!! PHASE 1 at step 37, dist=0.087
Contact: 1/1
>>> STABLE GRASP achieved at step 38! <<<
!!! PHASE 1 at step 40, dist=0.097
---------------------------------
| rollout/           |          |
|    ep_len_mean     | 149      |
|    ep_rew_mean     | -58.6    |
| time/              |          |
|    episodes        | 790      |
|    fps             | 27       |
|    time_elapsed    | 4291     |
|    total_timesteps | 118202   |
| train/             |          |
|    actor_loss      | 31       |
|    critic_loss     | 0.473    |
|    ent_coef        | 0.00599  |
|    ent_coef_loss   | -0.114   |
|    learning_rate   | 5e-05    |
|    n_updates       | 108201   |
---------------------------------
!!! PHASE 1 at step 43, dist=0.092
---------------------------------
| rollout/           |          |
|    ep_len_mean     | 149      |
|    ep_rew_mean     | -59.6    |
| time/              |          |
|    episodes        | 800      |
|    fps             | 27       |
|    time_elapsed    | 4344     |
|    total_timesteps | 119702   |
| train/             |          |
|    actor_loss      | 30       |
|    critic_loss     | 0.486    |
|    ent_coef        | 0.00591  |
|    ent_coef_loss   | 1.27     |
|    learning_rate   | 5e-05    |
|    n_updates       | 109701   |
---------------------------------
!!! PHASE 1 at step 66, dist=0.099
---------------------------------
| rollout/           |          |
|    ep_len_mean     | 149      |
|    ep_rew_mean     | -60.6    |
| time/              |          |
|    episodes        | 810      |
|    fps             | 27       |
|    time_elapsed    | 4398     |
|    total_timesteps | 121202   |
| train/             |          |
|    actor_loss      | 30.4     |
|    critic_loss     | 0.604    |
|    ent_coef        | 0.00599  |
|    ent_coef_loss   | -0.644   |
|    learning_rate   | 5e-05    |
|    n_updates       | 111201   |
---------------------------------
---------------------------------
| rollout/           |          |
|    ep_len_mean     | 149      |
|    ep_rew_mean     | -63.2    |
| time/              |          |
|    episodes        | 820      |
|    fps             | 27       |
|    time_elapsed    | 4453     |
|    total_timesteps | 122702   |
| train/             |          |
|    actor_loss      | 30.8     |
|    critic_loss     | 0.62     |
|    ent_coef        | 0.00601  |
|    ent_coef_loss   | 3.16     |
|    learning_rate   | 5e-05    |
|    n_updates       | 112701   |
---------------------------------
!!! PHASE 1 at step 38, dist=0.097
!!! PHASE 1 at step 41, dist=0.098
!!! PHASE 1 at step 45, dist=0.089
!!! PHASE 1 at step 47, dist=0.099
---------------------------------
| rollout/           |          |
|    ep_len_mean     | 149      |
|    ep_rew_mean     | -65.4    |
| time/              |          |
|    episodes        | 830      |
|    fps             | 27       |
|    time_elapsed    | 4509     |
|    total_timesteps | 124202   |
| train/             |          |
|    actor_loss      | 32.1     |
|    critic_loss     | 0.75     |
|    ent_coef        | 0.00613  |
|    ent_coef_loss   | 4.46     |
|    learning_rate   | 5e-05    |
|    n_updates       | 114201   |
---------------------------------
!!! PHASE 1 at step 67, dist=0.099
!!! PHASE 1 at step 42, dist=0.091
!!! PHASE 1 at step 49, dist=0.096
!!! PHASE 1 at step 48, dist=0.099
!!! PHASE 1 at step 54, dist=0.100
!!! PHASE 1 at step 45, dist=0.099
---------------------------------
| rollout/           |          |
|    ep_len_mean     | 149      |
|    ep_rew_mean     | -66.4    |
| time/              |          |
|    episodes        | 840      |
|    fps             | 27       |
|    time_elapsed    | 4566     |
|    total_timesteps | 125702   |
| train/             |          |
|    actor_loss      | 32       |
|    critic_loss     | 1.08     |
|    ent_coef        | 0.00623  |
|    ent_coef_loss   | -1.24    |
|    learning_rate   | 5e-05    |
|    n_updates       | 115701   |
---------------------------------
!!! PHASE 1 at step 39, dist=0.099
!!! PHASE 1 at step 41, dist=0.084
!!! PHASE 1 at step 43, dist=0.092
!!! PHASE 1 at step 41, dist=0.093
---------------------------------
| rollout/           |          |
|    ep_len_mean     | 149      |
|    ep_rew_mean     | -66.6    |
| time/              |          |
|    episodes        | 850      |
|    fps             | 27       |
|    time_elapsed    | 4623     |
|    total_timesteps | 127202   |
| train/             |          |
|    actor_loss      | 33.3     |
|    critic_loss     | 0.664    |
|    ent_coef        | 0.00632  |
|    ent_coef_loss   | -0.673   |
|    learning_rate   | 5e-05    |
|    n_updates       | 117201   |
---------------------------------
!!! PHASE 1 at step 64, dist=0.100
!!! PHASE 1 at step 39, dist=0.081
!!! PHASE 1 at step 44, dist=0.100
!!! PHASE 1 at step 44, dist=0.098
!!! PHASE 1 at step 64, dist=0.096
!!! PHASE 1 at step 46, dist=0.091
---------------------------------
| rollout/           |          |
|    ep_len_mean     | 149      |
|    ep_rew_mean     | -66.9    |
| time/              |          |
|    episodes        | 860      |
|    fps             | 27       |
|    time_elapsed    | 4679     |
|    total_timesteps | 128702   |
| train/             |          |
|    actor_loss      | 32.9     |
|    critic_loss     | 0.848    |
|    ent_coef        | 0.00639  |
|    ent_coef_loss   | 0.462    |
|    learning_rate   | 5e-05    |
|    n_updates       | 118701   |
---------------------------------
!!! PHASE 1 at step 79, dist=0.100
---------------------------------
| rollout/           |          |
|    ep_len_mean     | 149      |
|    ep_rew_mean     | -66.9    |
| time/              |          |
|    episodes        | 870      |
|    fps             | 27       |
|    time_elapsed    | 4734     |
|    total_timesteps | 130202   |
| train/             |          |
|    actor_loss      | 31.9     |
|    critic_loss     | 0.718    |
|    ent_coef        | 0.00633  |
|    ent_coef_loss   | -0.774   |
|    learning_rate   | 5e-05    |
|    n_updates       | 120201   |
---------------------------------
!!! PHASE 1 at step 132, dist=0.097
!!! PHASE 1 at step 50, dist=0.092
!!! PHASE 1 at step 52, dist=0.097
---------------------------------
| rollout/           |          |
|    ep_len_mean     | 149      |
|    ep_rew_mean     | -66.5    |
| time/              |          |
|    episodes        | 880      |
|    fps             | 27       |
|    time_elapsed    | 4788     |
|    total_timesteps | 131702   |
| train/             |          |
|    actor_loss      | 33.7     |
|    critic_loss     | 0.677    |
|    ent_coef        | 0.00647  |
|    ent_coef_loss   | -0.101   |
|    learning_rate   | 5e-05    |
|    n_updates       | 121701   |
---------------------------------
---------------------------------
| rollout/           |          |
|    ep_len_mean     | 150      |
|    ep_rew_mean     | -66.6    |
| time/              |          |
|    episodes        | 890      |
|    fps             | 27       |
|    time_elapsed    | 4843     |
|    total_timesteps | 133202   |
| train/             |          |
|    actor_loss      | 33.7     |
|    critic_loss     | 0.682    |
|    ent_coef        | 0.00665  |
|    ent_coef_loss   | -0.168   |
|    learning_rate   | 5e-05    |
|    n_updates       | 123201   |
---------------------------------
---------------------------------
| rollout/           |          |
|    ep_len_mean     | 150      |
|    ep_rew_mean     | -65.7    |
| time/              |          |
|    episodes        | 900      |
|    fps             | 27       |
|    time_elapsed    | 4908     |
|    total_timesteps | 134702   |
| train/             |          |
|    actor_loss      | 33.4     |
|    critic_loss     | 1.26     |
|    ent_coef        | 0.00687  |
|    ent_coef_loss   | 3.09     |
|    learning_rate   | 5e-05    |
|    n_updates       | 124701   |
---------------------------------
!!! PHASE 1 at step 60, dist=0.094
!!! PHASE 1 at step 82, dist=0.098
!!! PHASE 1 at step 41, dist=0.091
---------------------------------
| rollout/           |          |
|    ep_len_mean     | 150      |
|    ep_rew_mean     | -64.3    |
| time/              |          |
|    episodes        | 910      |
|    fps             | 27       |
|    time_elapsed    | 4964     |
|    total_timesteps | 136202   |
| train/             |          |
|    actor_loss      | 33.8     |
|    critic_loss     | 0.838    |
|    ent_coef        | 0.00692  |
|    ent_coef_loss   | 0.184    |
|    learning_rate   | 5e-05    |
|    n_updates       | 126201   |
---------------------------------
!!! PHASE 1 at step 65, dist=0.097
---------------------------------
| rollout/           |          |
|    ep_len_mean     | 150      |
|    ep_rew_mean     | -60.8    |
| time/              |          |
|    episodes        | 920      |
|    fps             | 27       |
|    time_elapsed    | 5018     |
|    total_timesteps | 137702   |
| train/             |          |
|    actor_loss      | 33.3     |
|    critic_loss     | 1.73     |
|    ent_coef        | 0.00707  |
|    ent_coef_loss   | 0.672    |
|    learning_rate   | 5e-05    |
|    n_updates       | 127701   |
---------------------------------
!!! PHASE 1 at step 90, dist=0.100
---------------------------------
| rollout/           |          |
|    ep_len_mean     | 150      |
|    ep_rew_mean     | -58      |
| time/              |          |
|    episodes        | 930      |
|    fps             | 27       |
|    time_elapsed    | 5072     |
|    total_timesteps | 139202   |
| train/             |          |
|    actor_loss      | 32.8     |
|    critic_loss     | 1.27     |
|    ent_coef        | 0.00711  |
|    ent_coef_loss   | 0.778    |
|    learning_rate   | 5e-05    |
|    n_updates       | 129201   |
---------------------------------
!!! PHASE 1 at step 103, dist=0.098
!!! PHASE 1 at step 81, dist=0.099
!!! PHASE 1 at step 92, dist=0.098
---------------------------------
| rollout/           |          |
|    ep_len_mean     | 150      |
|    ep_rew_mean     | -56.4    |
| time/              |          |
|    episodes        | 940      |
|    fps             | 27       |
|    time_elapsed    | 5127     |
|    total_timesteps | 140702   |
| train/             |          |
|    actor_loss      | 33.3     |
|    critic_loss     | 1.08     |
|    ent_coef        | 0.00719  |
|    ent_coef_loss   | -0.336   |
|    learning_rate   | 5e-05    |
|    n_updates       | 130701   |
---------------------------------
!!! PHASE 1 at step 41, dist=0.087
---------------------------------
| rollout/           |          |
|    ep_len_mean     | 150      |
|    ep_rew_mean     | -55.6    |
| time/              |          |
|    episodes        | 950      |
|    fps             | 27       |
|    time_elapsed    | 5184     |
|    total_timesteps | 142202   |
| train/             |          |
|    actor_loss      | 33.6     |
|    critic_loss     | 1.93     |
|    ent_coef        | 0.00733  |
|    ent_coef_loss   | 1.66     |
|    learning_rate   | 5e-05    |
|    n_updates       | 132201   |
---------------------------------
!!! PHASE 1 at step 46, dist=0.086
---------------------------------
| rollout/           |          |
|    ep_len_mean     | 150      |
|    ep_rew_mean     | -55.2    |
| time/              |          |
|    episodes        | 960      |
|    fps             | 27       |
|    time_elapsed    | 5241     |
|    total_timesteps | 143702   |
| train/             |          |
|    actor_loss      | 32.6     |
|    critic_loss     | 1.66     |
|    ent_coef        | 0.00744  |
|    ent_coef_loss   | 0.781    |
|    learning_rate   | 5e-05    |
|    n_updates       | 133701   |
---------------------------------
!!! PHASE 1 at step 125, dist=0.098
!!! PHASE 1 at step 61, dist=0.099
!!! PHASE 1 at step 44, dist=0.099
!!! PHASE 1 at step 49, dist=0.089
---------------------------------
| rollout/           |          |
|    ep_len_mean     | 150      |
|    ep_rew_mean     | -55.6    |
| time/              |          |
|    episodes        | 970      |
|    fps             | 27       |
|    time_elapsed    | 5297     |
|    total_timesteps | 145202   |
| train/             |          |
|    actor_loss      | 33.6     |
|    critic_loss     | 0.956    |
|    ent_coef        | 0.00744  |
|    ent_coef_loss   | -1.65    |
|    learning_rate   | 5e-05    |
|    n_updates       | 135201   |
---------------------------------
!!! PHASE 1 at step 65, dist=0.100
!!! PHASE 1 at step 44, dist=0.096
!!! PHASE 1 at step 43, dist=0.091
!!! PHASE 1 at step 42, dist=0.091
!!! PHASE 1 at step 39, dist=0.095
!!! PHASE 1 at step 48, dist=0.098
---------------------------------
| rollout/           |          |
|    ep_len_mean     | 150      |
|    ep_rew_mean     | -56.8    |
| time/              |          |
|    episodes        | 980      |
|    fps             | 27       |
|    time_elapsed    | 5354     |
|    total_timesteps | 146702   |
| train/             |          |
|    actor_loss      | 34.7     |
|    critic_loss     | 1.33     |
|    ent_coef        | 0.00739  |
|    ent_coef_loss   | -1.8     |
|    learning_rate   | 5e-05    |
|    n_updates       | 136701   |
---------------------------------
!!! PHASE 1 at step 44, dist=0.097
!!! PHASE 1 at step 43, dist=0.099
!!! PHASE 1 at step 47, dist=0.094
!!! PHASE 1 at step 39, dist=0.093
!!! PHASE 1 at step 46, dist=0.095
---------------------------------
| rollout/           |          |
|    ep_len_mean     | 150      |
|    ep_rew_mean     | -58.2    |
| time/              |          |
|    episodes        | 990      |
|    fps             | 27       |
|    time_elapsed    | 5412     |
|    total_timesteps | 148202   |
| train/             |          |
|    actor_loss      | 33.4     |
|    critic_loss     | 1.16     |
|    ent_coef        | 0.00745  |
|    ent_coef_loss   | -1.36    |
|    learning_rate   | 5e-05    |
|    n_updates       | 138201   |
---------------------------------
!!! PHASE 1 at step 43, dist=0.096
!!! PHASE 1 at step 47, dist=0.098
!!! PHASE 1 at step 48, dist=0.094
!!! PHASE 1 at step 56, dist=0.099
Model saved to results/exp2/sac_model_ep1000 (Episode 1000)
---------------------------------
| rollout/           |          |
|    ep_len_mean     | 150      |
|    ep_rew_mean     | -58.9    |
| time/              |          |
|    episodes        | 1000     |
|    fps             | 27       |
|    time_elapsed    | 5469     |
|    total_timesteps | 149702   |
| train/             |          |
|    actor_loss      | 36.1     |
|    critic_loss     | 1.2      |
|    ent_coef        | 0.00752  |
|    ent_coef_loss   | 2.4      |
|    learning_rate   | 5e-05    |
|    n_updates       | 139701   |
---------------------------------
!!! PHASE 1 at step 40, dist=0.080
!!! PHASE 1 at step 45, dist=0.090
---------------------------------
| rollout/           |          |
|    ep_len_mean     | 150      |
|    ep_rew_mean     | -59.5    |
| time/              |          |
|    episodes        | 1010     |
|    fps             | 27       |
|    time_elapsed    | 5523     |
|    total_timesteps | 151202   |
| train/             |          |
|    actor_loss      | 34.5     |
|    critic_loss     | 1.11     |
|    ent_coef        | 0.00766  |
|    ent_coef_loss   | -2.47    |
|    learning_rate   | 5e-05    |
|    n_updates       | 141201   |
---------------------------------
!!! PHASE 1 at step 47, dist=0.087
!!! PHASE 1 at step 59, dist=0.099
---------------------------------
| rollout/           |          |
|    ep_len_mean     | 150      |
|    ep_rew_mean     | -60      |
| time/              |          |
|    episodes        | 1020     |
|    fps             | 27       |
|    time_elapsed    | 5579     |
|    total_timesteps | 152702   |
| train/             |          |
|    actor_loss      | 34.8     |
|    critic_loss     | 0.873    |
|    ent_coef        | 0.00777  |
|    ent_coef_loss   | 1.27     |
|    learning_rate   | 5e-05    |
|    n_updates       | 142701   |
---------------------------------
!!! PHASE 1 at step 47, dist=0.099
!!! PHASE 1 at step 51, dist=0.098
!!! PHASE 1 at step 43, dist=0.086
!!! PHASE 1 at step 63, dist=0.096
!!! PHASE 1 at step 49, dist=0.097
---------------------------------
| rollout/           |          |
|    ep_len_mean     | 150      |
|    ep_rew_mean     | -60      |
| time/              |          |
|    episodes        | 1030     |
|    fps             | 27       |
|    time_elapsed    | 5634     |
|    total_timesteps | 154202   |
| train/             |          |
|    actor_loss      | 33.4     |
|    critic_loss     | 1.89     |
|    ent_coef        | 0.00794  |
|    ent_coef_loss   | -1.46    |
|    learning_rate   | 5e-05    |
|    n_updates       | 144201   |
---------------------------------
---------------------------------
| rollout/           |          |
|    ep_len_mean     | 150      |
|    ep_rew_mean     | -60.1    |
| time/              |          |
|    episodes        | 1040     |
|    fps             | 27       |
|    time_elapsed    | 5688     |
|    total_timesteps | 155702   |
| train/             |          |
|    actor_loss      | 33.3     |
|    critic_loss     | 1.14     |
|    ent_coef        | 0.00804  |
|    ent_coef_loss   | 0.589    |
|    learning_rate   | 5e-05    |
|    n_updates       | 145701   |
---------------------------------
